This file contains any messages produced by compilers while
running configure, to aid debugging if configure makes a mistake.

It was created by libusb configure 0.1.10a, which was
generated by GNU Autoconf 2.59.  Invocation command line was

  $ ./configure 

## --------- ##
## Platform. ##
## --------- ##

hostname = milk.lan
uname -m = i386
uname -r = 10.0.0
uname -s = Darwin
uname -v = Darwin Kernel Version 10.0.0: Fri Jul 31 22:47:34 PDT 2009; root:xnu-1456.1.25~1/RELEASE_I386

/usr/bin/uname -p = i386
/bin/uname -X     = unknown

/bin/arch              = unknown
/usr/bin/arch -k       = unknown
/usr/convex/getsysinfo = unknown
hostinfo               = Mach kernel version:
	 Darwin Kernel Version 10.0.0: Fri Jul 31 22:47:34 PDT 2009; root:xnu-1456.1.25~1/RELEASE_I386
Kernel configured for up to 2 processors.
2 processors are physically available.
2 processors are logically available.
Processor type: i486 (Intel 80486)
Processors active: 0 1
Primary memory available: 4.00 gigabytes
Default processor set: 111 tasks, 564 threads, 2 processors
Load average: 0.85, Mach factor: 1.16
/bin/machine           = unknown
/usr/bin/oslevel       = unknown
/bin/universe          = unknown

PATH: /Users/sixones/.gem/ruby/1.8.7-p72/bin
PATH: /Users/sixones/.ruby_versions/ruby-1.8.7-p72/bin
PATH: /opt/local/bin
PATH: /opt/local/sbin
PATH: /usr/bin
PATH: /bin
PATH: /usr/sbin
PATH: /sbin
PATH: /usr/local/bin
PATH: /usr/X11/bin


## ----------- ##
## Core tests. ##
## ----------- ##

configure:1558: checking for a BSD-compatible install
configure:1613: result: /usr/bin/install -c
configure:1624: checking whether build environment is sane
configure:1667: result: yes
configure:1724: checking for gawk
configure:1740: found /opt/local/bin/gawk
configure:1750: result: gawk
configure:1760: checking whether make sets $(MAKE)
configure:1780: result: yes
configure:2089: checking build system type
configure:2107: result: i686-apple-darwin10.0.0
configure:2115: checking host system type
configure:2129: result: i686-apple-darwin10.0.0
configure:2149: checking for style of include used by make
configure:2177: result: GNU
configure:2248: checking for gcc
configure:2264: found /usr/bin/gcc
configure:2274: result: gcc
configure:2518: checking for C compiler version
configure:2521: gcc --version </dev/null >&5
i686-apple-darwin10-gcc-4.2.1 (GCC) 4.2.1 (Apple Inc. build 5646)
Copyright (C) 2007 Free Software Foundation, Inc.
This is free software; see the source for copying conditions.  There is NO
warranty; not even for MERCHANTABILITY or FITNESS FOR A PARTICULAR PURPOSE.

configure:2524: $? = 0
configure:2526: gcc -v </dev/null >&5
Using built-in specs.
Target: i686-apple-darwin10
Configured with: /var/tmp/gcc/gcc-5646~6/src/configure --disable-checking --enable-werror --prefix=/usr --mandir=/share/man --enable-languages=c,objc,c++,obj-c++ --program-transform-name=/^[cg][^.-]*$/s/$/-4.2/ --with-slibdir=/usr/lib --build=i686-apple-darwin10 --with-gxx-include-dir=/include/c++/4.2.1 --program-prefix=i686-apple-darwin10- --host=x86_64-apple-darwin10 --target=i686-apple-darwin10
Thread model: posix
gcc version 4.2.1 (Apple Inc. build 5646)
configure:2529: $? = 0
configure:2531: gcc -V </dev/null >&5
gcc-4.2: argument to `-V' is missing
configure:2534: $? = 1
configure:2557: checking for C compiler default output file name
configure:2560: gcc    conftest.c  >&5
configure:2563: $? = 0
configure:2609: result: a.out
configure:2614: checking whether the C compiler works
configure:2620: ./a.out
configure:2623: $? = 0
configure:2640: result: yes
configure:2647: checking whether we are cross compiling
configure:2649: result: no
configure:2652: checking for suffix of executables
configure:2654: gcc -o conftest    conftest.c  >&5
configure:2657: $? = 0
configure:2682: result: 
configure:2688: checking for suffix of object files
configure:2709: gcc -c   conftest.c >&5
configure:2712: $? = 0
configure:2734: result: o
configure:2738: checking whether we are using the GNU C compiler
configure:2762: gcc -c   conftest.c >&5
configure:2768: $? = 0
configure:2772: test -z 
			 || test ! -s conftest.err
configure:2775: $? = 0
configure:2778: test -s conftest.o
configure:2781: $? = 0
configure:2794: result: yes
configure:2800: checking whether gcc accepts -g
configure:2821: gcc -c -g  conftest.c >&5
configure:2827: $? = 0
configure:2831: test -z 
			 || test ! -s conftest.err
configure:2834: $? = 0
configure:2837: test -s conftest.o
configure:2840: $? = 0
configure:2851: result: yes
configure:2868: checking for gcc option to accept ANSI C
configure:2938: gcc  -c -g -O2  conftest.c >&5
configure:2944: $? = 0
configure:2948: test -z 
			 || test ! -s conftest.err
configure:2951: $? = 0
configure:2954: test -s conftest.o
configure:2957: $? = 0
configure:2975: result: none needed
configure:2993: gcc -c -g -O2  conftest.c >&5
conftest.c:2: error: expected '=', ',', ';', 'asm' or '__attribute__' before 'me'
configure:2999: $? = 1
configure: failed program was:
| #ifndef __cplusplus
|   choke me
| #endif
configure:3134: checking dependency style of gcc
configure:3219: result: gcc3
configure:3236: checking for a sed that does not truncate output
configure:3290: result: /opt/local/bin/gsed
configure:3293: checking for egrep
configure:3303: result: grep -E
configure:3319: checking for ld used by gcc
configure:3386: result: /usr/libexec/gcc/i686-apple-darwin10/4.2.1/ld
configure:3395: checking if the linker (/usr/libexec/gcc/i686-apple-darwin10/4.2.1/ld) is GNU ld
configure:3410: result: no
configure:3415: checking for /usr/libexec/gcc/i686-apple-darwin10/4.2.1/ld option to reload object files
configure:3422: result: -r
configure:3431: checking for BSD-compatible nm
configure:3473: result: /usr/bin/nm
configure:3477: checking whether ln -s works
configure:3481: result: yes
configure:3488: checking how to recognise dependent libraries
configure:3671: result: pass_all
configure:3885: checking how to run the C preprocessor
configure:3920: gcc -E  conftest.c
configure:3926: $? = 0
configure:3958: gcc -E  conftest.c
conftest.c:16:28: error: ac_nonexistent.h: No such file or directory
configure:3964: $? = 1
configure: failed program was:
| /* confdefs.h.  */
| 
| #define PACKAGE_NAME "libusb"
| #define PACKAGE_TARNAME "libusb"
| #define PACKAGE_VERSION "0.1.10a"
| #define PACKAGE_STRING "libusb 0.1.10a"
| #define PACKAGE_BUGREPORT ""
| #define PACKAGE "libusb"
| #define VERSION "0.1.10a"
| #define LIBUSB_MAJOR_VERSION 0
| #define LIBUSB_MINOR_VERSION 1
| #define LIBUSB_MICRO_VERSION 10a
| #define LIBUSB_INTERFACE_AGE 2
| #define LIBUSB_BINARY_AGE 6
| /* end confdefs.h.  */
| #include <ac_nonexistent.h>
configure:4003: result: gcc -E
configure:4027: gcc -E  conftest.c
configure:4033: $? = 0
configure:4065: gcc -E  conftest.c
conftest.c:16:28: error: ac_nonexistent.h: No such file or directory
configure:4071: $? = 1
configure: failed program was:
| /* confdefs.h.  */
| 
| #define PACKAGE_NAME "libusb"
| #define PACKAGE_TARNAME "libusb"
| #define PACKAGE_VERSION "0.1.10a"
| #define PACKAGE_STRING "libusb 0.1.10a"
| #define PACKAGE_BUGREPORT ""
| #define PACKAGE "libusb"
| #define VERSION "0.1.10a"
| #define LIBUSB_MAJOR_VERSION 0
| #define LIBUSB_MINOR_VERSION 1
| #define LIBUSB_MICRO_VERSION 10a
| #define LIBUSB_INTERFACE_AGE 2
| #define LIBUSB_BINARY_AGE 6
| /* end confdefs.h.  */
| #include <ac_nonexistent.h>
configure:4115: checking for ANSI C header files
configure:4140: gcc -c -g -O2  conftest.c >&5
configure:4146: $? = 0
configure:4150: test -z 
			 || test ! -s conftest.err
configure:4153: $? = 0
configure:4156: test -s conftest.o
configure:4159: $? = 0
configure:4248: gcc -o conftest -g -O2   conftest.c  >&5
conftest.c: In function 'main':
conftest.c:33: warning: incompatible implicit declaration of built-in function 'exit'
configure:4251: $? = 0
configure:4253: ./conftest
configure:4256: $? = 0
configure:4271: result: yes
configure:4295: checking for sys/types.h
configure:4311: gcc -c -g -O2  conftest.c >&5
configure:4317: $? = 0
configure:4321: test -z 
			 || test ! -s conftest.err
configure:4324: $? = 0
configure:4327: test -s conftest.o
configure:4330: $? = 0
configure:4341: result: yes
configure:4295: checking for sys/stat.h
configure:4311: gcc -c -g -O2  conftest.c >&5
configure:4317: $? = 0
configure:4321: test -z 
			 || test ! -s conftest.err
configure:4324: $? = 0
configure:4327: test -s conftest.o
configure:4330: $? = 0
configure:4341: result: yes
configure:4295: checking for stdlib.h
configure:4311: gcc -c -g -O2  conftest.c >&5
configure:4317: $? = 0
configure:4321: test -z 
			 || test ! -s conftest.err
configure:4324: $? = 0
configure:4327: test -s conftest.o
configure:4330: $? = 0
configure:4341: result: yes
configure:4295: checking for string.h
configure:4311: gcc -c -g -O2  conftest.c >&5
configure:4317: $? = 0
configure:4321: test -z 
			 || test ! -s conftest.err
configure:4324: $? = 0
configure:4327: test -s conftest.o
configure:4330: $? = 0
configure:4341: result: yes
configure:4295: checking for memory.h
configure:4311: gcc -c -g -O2  conftest.c >&5
configure:4317: $? = 0
configure:4321: test -z 
			 || test ! -s conftest.err
configure:4324: $? = 0
configure:4327: test -s conftest.o
configure:4330: $? = 0
configure:4341: result: yes
configure:4295: checking for strings.h
configure:4311: gcc -c -g -O2  conftest.c >&5
configure:4317: $? = 0
configure:4321: test -z 
			 || test ! -s conftest.err
configure:4324: $? = 0
configure:4327: test -s conftest.o
configure:4330: $? = 0
configure:4341: result: yes
configure:4295: checking for inttypes.h
configure:4311: gcc -c -g -O2  conftest.c >&5
configure:4317: $? = 0
configure:4321: test -z 
			 || test ! -s conftest.err
configure:4324: $? = 0
configure:4327: test -s conftest.o
configure:4330: $? = 0
configure:4341: result: yes
configure:4295: checking for stdint.h
configure:4311: gcc -c -g -O2  conftest.c >&5
configure:4317: $? = 0
configure:4321: test -z 
			 || test ! -s conftest.err
configure:4324: $? = 0
configure:4327: test -s conftest.o
configure:4330: $? = 0
configure:4341: result: yes
configure:4295: checking for unistd.h
configure:4311: gcc -c -g -O2  conftest.c >&5
configure:4317: $? = 0
configure:4321: test -z 
			 || test ! -s conftest.err
configure:4324: $? = 0
configure:4327: test -s conftest.o
configure:4330: $? = 0
configure:4341: result: yes
configure:4367: checking dlfcn.h usability
configure:4379: gcc -c -g -O2  conftest.c >&5
configure:4385: $? = 0
configure:4389: test -z 
			 || test ! -s conftest.err
configure:4392: $? = 0
configure:4395: test -s conftest.o
configure:4398: $? = 0
configure:4408: result: yes
configure:4412: checking dlfcn.h presence
configure:4422: gcc -E  conftest.c
configure:4428: $? = 0
configure:4448: result: yes
configure:4483: checking for dlfcn.h
configure:4490: result: yes
configure:4555: checking for g++
configure:4571: found /usr/bin/g++
configure:4581: result: g++
configure:4597: checking for C++ compiler version
configure:4600: g++ --version </dev/null >&5
i686-apple-darwin10-g++-4.2.1 (GCC) 4.2.1 (Apple Inc. build 5646)
Copyright (C) 2007 Free Software Foundation, Inc.
This is free software; see the source for copying conditions.  There is NO
warranty; not even for MERCHANTABILITY or FITNESS FOR A PARTICULAR PURPOSE.

configure:4603: $? = 0
configure:4605: g++ -v </dev/null >&5
Using built-in specs.
Target: i686-apple-darwin10
Configured with: /var/tmp/gcc/gcc-5646~6/src/configure --disable-checking --enable-werror --prefix=/usr --mandir=/share/man --enable-languages=c,objc,c++,obj-c++ --program-transform-name=/^[cg][^.-]*$/s/$/-4.2/ --with-slibdir=/usr/lib --build=i686-apple-darwin10 --with-gxx-include-dir=/include/c++/4.2.1 --program-prefix=i686-apple-darwin10- --host=x86_64-apple-darwin10 --target=i686-apple-darwin10
Thread model: posix
gcc version 4.2.1 (Apple Inc. build 5646)
configure:4608: $? = 0
configure:4610: g++ -V </dev/null >&5
g++-4.2: argument to `-V' is missing
configure:4613: $? = 1
configure:4616: checking whether we are using the GNU C++ compiler
configure:4640: g++ -c   conftest.cc >&5
configure:4646: $? = 0
configure:4650: test -z 
			 || test ! -s conftest.err
configure:4653: $? = 0
configure:4656: test -s conftest.o
configure:4659: $? = 0
configure:4672: result: yes
configure:4678: checking whether g++ accepts -g
configure:4699: g++ -c -g  conftest.cc >&5
configure:4705: $? = 0
configure:4709: test -z 
			 || test ! -s conftest.err
configure:4712: $? = 0
configure:4715: test -s conftest.o
configure:4718: $? = 0
configure:4729: result: yes
configure:4771: g++ -c -g -O2  conftest.cc >&5
configure:4777: $? = 0
configure:4781: test -z 
			 || test ! -s conftest.err
configure:4784: $? = 0
configure:4787: test -s conftest.o
configure:4790: $? = 0
configure:4816: g++ -c -g -O2  conftest.cc >&5
conftest.cc: In function 'int main()':
conftest.cc:31: error: 'exit' was not declared in this scope
configure:4822: $? = 1
configure: failed program was:
| /* confdefs.h.  */
| 
| #define PACKAGE_NAME "libusb"
| #define PACKAGE_TARNAME "libusb"
| #define PACKAGE_VERSION "0.1.10a"
| #define PACKAGE_STRING "libusb 0.1.10a"
| #define PACKAGE_BUGREPORT ""
| #define PACKAGE "libusb"
| #define VERSION "0.1.10a"
| #define LIBUSB_MAJOR_VERSION 0
| #define LIBUSB_MINOR_VERSION 1
| #define LIBUSB_MICRO_VERSION 10a
| #define LIBUSB_INTERFACE_AGE 2
| #define LIBUSB_BINARY_AGE 6
| #define STDC_HEADERS 1
| #define HAVE_SYS_TYPES_H 1
| #define HAVE_SYS_STAT_H 1
| #define HAVE_STDLIB_H 1
| #define HAVE_STRING_H 1
| #define HAVE_MEMORY_H 1
| #define HAVE_STRINGS_H 1
| #define HAVE_INTTYPES_H 1
| #define HAVE_STDINT_H 1
| #define HAVE_UNISTD_H 1
| #define HAVE_DLFCN_H 1
| /* end confdefs.h.  */
| 
| int
| main ()
| {
| exit (42);
|   ;
|   return 0;
| }
configure:4771: g++ -c -g -O2  conftest.cc >&5
conftest.cc:27: error: 'void std::exit(int)' should have been declared inside 'std'
In file included from conftest.cc:28:
/usr/include/stdlib.h:159: error: declaration of 'void std::exit(int)' throws different exceptions
conftest.cc:27: error: from previous declaration 'void std::exit(int) throw ()'
configure:4777: $? = 1
configure: failed program was:
| /* confdefs.h.  */
| 
| #define PACKAGE_NAME "libusb"
| #define PACKAGE_TARNAME "libusb"
| #define PACKAGE_VERSION "0.1.10a"
| #define PACKAGE_STRING "libusb 0.1.10a"
| #define PACKAGE_BUGREPORT ""
| #define PACKAGE "libusb"
| #define VERSION "0.1.10a"
| #define LIBUSB_MAJOR_VERSION 0
| #define LIBUSB_MINOR_VERSION 1
| #define LIBUSB_MICRO_VERSION 10a
| #define LIBUSB_INTERFACE_AGE 2
| #define LIBUSB_BINARY_AGE 6
| #define STDC_HEADERS 1
| #define HAVE_SYS_TYPES_H 1
| #define HAVE_SYS_STAT_H 1
| #define HAVE_STDLIB_H 1
| #define HAVE_STRING_H 1
| #define HAVE_MEMORY_H 1
| #define HAVE_STRINGS_H 1
| #define HAVE_INTTYPES_H 1
| #define HAVE_STDINT_H 1
| #define HAVE_UNISTD_H 1
| #define HAVE_DLFCN_H 1
| /* end confdefs.h.  */
| extern "C" void std::exit (int) throw (); using std::exit;
| #include <stdlib.h>
| int
| main ()
| {
| exit (42);
|   ;
|   return 0;
| }
configure:4771: g++ -c -g -O2  conftest.cc >&5
conftest.cc:27: error: 'void std::exit(int)' should have been declared inside 'std'
configure:4777: $? = 1
configure: failed program was:
| /* confdefs.h.  */
| 
| #define PACKAGE_NAME "libusb"
| #define PACKAGE_TARNAME "libusb"
| #define PACKAGE_VERSION "0.1.10a"
| #define PACKAGE_STRING "libusb 0.1.10a"
| #define PACKAGE_BUGREPORT ""
| #define PACKAGE "libusb"
| #define VERSION "0.1.10a"
| #define LIBUSB_MAJOR_VERSION 0
| #define LIBUSB_MINOR_VERSION 1
| #define LIBUSB_MICRO_VERSION 10a
| #define LIBUSB_INTERFACE_AGE 2
| #define LIBUSB_BINARY_AGE 6
| #define STDC_HEADERS 1
| #define HAVE_SYS_TYPES_H 1
| #define HAVE_SYS_STAT_H 1
| #define HAVE_STDLIB_H 1
| #define HAVE_STRING_H 1
| #define HAVE_MEMORY_H 1
| #define HAVE_STRINGS_H 1
| #define HAVE_INTTYPES_H 1
| #define HAVE_STDINT_H 1
| #define HAVE_UNISTD_H 1
| #define HAVE_DLFCN_H 1
| /* end confdefs.h.  */
| extern "C" void std::exit (int); using std::exit;
| #include <stdlib.h>
| int
| main ()
| {
| exit (42);
|   ;
|   return 0;
| }
configure:4771: g++ -c -g -O2  conftest.cc >&5
In file included from conftest.cc:28:
/usr/include/stdlib.h:159: error: declaration of 'void exit(int)' throws different exceptions
conftest.cc:27: error: from previous declaration 'void exit(int) throw ()'
configure:4777: $? = 1
configure: failed program was:
| /* confdefs.h.  */
| 
| #define PACKAGE_NAME "libusb"
| #define PACKAGE_TARNAME "libusb"
| #define PACKAGE_VERSION "0.1.10a"
| #define PACKAGE_STRING "libusb 0.1.10a"
| #define PACKAGE_BUGREPORT ""
| #define PACKAGE "libusb"
| #define VERSION "0.1.10a"
| #define LIBUSB_MAJOR_VERSION 0
| #define LIBUSB_MINOR_VERSION 1
| #define LIBUSB_MICRO_VERSION 10a
| #define LIBUSB_INTERFACE_AGE 2
| #define LIBUSB_BINARY_AGE 6
| #define STDC_HEADERS 1
| #define HAVE_SYS_TYPES_H 1
| #define HAVE_SYS_STAT_H 1
| #define HAVE_STDLIB_H 1
| #define HAVE_STRING_H 1
| #define HAVE_MEMORY_H 1
| #define HAVE_STRINGS_H 1
| #define HAVE_INTTYPES_H 1
| #define HAVE_STDINT_H 1
| #define HAVE_UNISTD_H 1
| #define HAVE_DLFCN_H 1
| /* end confdefs.h.  */
| extern "C" void exit (int) throw ();
| #include <stdlib.h>
| int
| main ()
| {
| exit (42);
|   ;
|   return 0;
| }
configure:4771: g++ -c -g -O2  conftest.cc >&5
configure:4777: $? = 0
configure:4781: test -z 
			 || test ! -s conftest.err
configure:4784: $? = 0
configure:4787: test -s conftest.o
configure:4790: $? = 0
configure:4816: g++ -c -g -O2  conftest.cc >&5
configure:4822: $? = 0
configure:4826: test -z 
			 || test ! -s conftest.err
configure:4829: $? = 0
configure:4832: test -s conftest.o
configure:4835: $? = 0
configure:4860: checking dependency style of g++
configure:4945: result: gcc3
configure:4967: checking how to run the C++ preprocessor
configure:4998: g++ -E  conftest.cc
configure:5004: $? = 0
configure:5036: g++ -E  conftest.cc
conftest.cc:30:28: error: ac_nonexistent.h: No such file or directory
configure:5042: $? = 1
configure: failed program was:
| /* confdefs.h.  */
| 
| #define PACKAGE_NAME "libusb"
| #define PACKAGE_TARNAME "libusb"
| #define PACKAGE_VERSION "0.1.10a"
| #define PACKAGE_STRING "libusb 0.1.10a"
| #define PACKAGE_BUGREPORT ""
| #define PACKAGE "libusb"
| #define VERSION "0.1.10a"
| #define LIBUSB_MAJOR_VERSION 0
| #define LIBUSB_MINOR_VERSION 1
| #define LIBUSB_MICRO_VERSION 10a
| #define LIBUSB_INTERFACE_AGE 2
| #define LIBUSB_BINARY_AGE 6
| #define STDC_HEADERS 1
| #define HAVE_SYS_TYPES_H 1
| #define HAVE_SYS_STAT_H 1
| #define HAVE_STDLIB_H 1
| #define HAVE_STRING_H 1
| #define HAVE_MEMORY_H 1
| #define HAVE_STRINGS_H 1
| #define HAVE_INTTYPES_H 1
| #define HAVE_STDINT_H 1
| #define HAVE_UNISTD_H 1
| #define HAVE_DLFCN_H 1
| #ifdef __cplusplus
| extern "C" void exit (int);
| #endif
| /* end confdefs.h.  */
| #include <ac_nonexistent.h>
configure:5081: result: g++ -E
configure:5105: g++ -E  conftest.cc
configure:5111: $? = 0
configure:5143: g++ -E  conftest.cc
conftest.cc:30:28: error: ac_nonexistent.h: No such file or directory
configure:5149: $? = 1
configure: failed program was:
| /* confdefs.h.  */
| 
| #define PACKAGE_NAME "libusb"
| #define PACKAGE_TARNAME "libusb"
| #define PACKAGE_VERSION "0.1.10a"
| #define PACKAGE_STRING "libusb 0.1.10a"
| #define PACKAGE_BUGREPORT ""
| #define PACKAGE "libusb"
| #define VERSION "0.1.10a"
| #define LIBUSB_MAJOR_VERSION 0
| #define LIBUSB_MINOR_VERSION 1
| #define LIBUSB_MICRO_VERSION 10a
| #define LIBUSB_INTERFACE_AGE 2
| #define LIBUSB_BINARY_AGE 6
| #define STDC_HEADERS 1
| #define HAVE_SYS_TYPES_H 1
| #define HAVE_SYS_STAT_H 1
| #define HAVE_STDLIB_H 1
| #define HAVE_STRING_H 1
| #define HAVE_MEMORY_H 1
| #define HAVE_STRINGS_H 1
| #define HAVE_INTTYPES_H 1
| #define HAVE_STDINT_H 1
| #define HAVE_UNISTD_H 1
| #define HAVE_DLFCN_H 1
| #ifdef __cplusplus
| extern "C" void exit (int);
| #endif
| /* end confdefs.h.  */
| #include <ac_nonexistent.h>
configure:5244: checking for g77
configure:5273: result: no
configure:5244: checking for f77
configure:5273: result: no
configure:5244: checking for xlf
configure:5273: result: no
configure:5244: checking for frt
configure:5273: result: no
configure:5244: checking for pgf77
configure:5273: result: no
configure:5244: checking for fort77
configure:5273: result: no
configure:5244: checking for fl32
configure:5273: result: no
configure:5244: checking for af77
configure:5273: result: no
configure:5244: checking for f90
configure:5273: result: no
configure:5244: checking for xlf90
configure:5273: result: no
configure:5244: checking for pgf90
configure:5273: result: no
configure:5244: checking for epcf90
configure:5273: result: no
configure:5244: checking for f95
configure:5273: result: no
configure:5244: checking for fort
configure:5273: result: no
configure:5244: checking for xlf95
configure:5273: result: no
configure:5244: checking for ifc
configure:5273: result: no
configure:5244: checking for efc
configure:5273: result: no
configure:5244: checking for pgf95
configure:5273: result: no
configure:5244: checking for lf95
configure:5273: result: no
configure:5244: checking for gfortran
configure:5273: result: no
configure:5285: checking for Fortran 77 compiler version
configure:5288:  --version </dev/null >&5
./configure: line 5289: --version: command not found
configure:5291: $? = 127
configure:5293:  -v </dev/null >&5
./configure: line 5294: -v: command not found
configure:5296: $? = 127
configure:5298:  -V </dev/null >&5
./configure: line 5299: -V: command not found
configure:5301: $? = 127
configure:5309: checking whether we are using the GNU Fortran 77 compiler
configure:5323:  -c  conftest.F >&5
./configure: line 5324: -c: command not found
configure:5329: $? = 127
configure: failed program was:
|       program main
| #ifndef __GNUC__
|        choke me
| #endif
| 
|       end
configure:5355: result: no
configure:5361: checking whether  accepts -g
configure:5373:  -c -g conftest.f >&5
./configure: line 5374: -c: command not found
configure:5379: $? = 127
configure: failed program was:
|       program main
| 
|       end
configure:5404: result: no
configure:5434: checking the maximum length of command line arguments
configure:5499: result: 65536
configure:5510: checking command to parse /usr/bin/nm output from gcc object
configure:5599: gcc -c -g -O2  conftest.c >&5
configure:5602: $? = 0
configure:5606: /usr/bin/nm conftest.o \| sed -n -e 's/^.*[ 	]\([BCDEGRST][BCDEGRST]*\)[ 	][ 	]*\(\)\([_A-Za-z][_A-Za-z0-9]*\)$/\1 \2\3 \3/p' \> conftest.nm
configure:5609: $? = 0
cannot find nm_test_var in conftest.nm
configure:5599: gcc -c -g -O2  conftest.c >&5
configure:5602: $? = 0
configure:5606: /usr/bin/nm conftest.o \| sed -n -e 's/^.*[ 	]\([BCDEGRST][BCDEGRST]*\)[ 	][ 	]*\(_\)\([_A-Za-z][_A-Za-z0-9]*\)$/\1 \2\3 \3/p' \> conftest.nm
configure:5609: $? = 0
configure:5661: gcc -o conftest -g -O2   conftest.c conftstm.o >&5
configure:5664: $? = 0
configure:5702: result: ok
configure:5706: checking for objdir
configure:5721: result: .libs
configure:5811: checking for ar
configure:5827: found /usr/bin/ar
configure:5838: result: ar
configure:5891: checking for ranlib
configure:5907: found /usr/bin/ranlib
configure:5918: result: ranlib
configure:5971: checking for strip
configure:5987: found /usr/bin/strip
configure:5998: result: strip
configure:6260: checking if gcc static flag  works
configure:6283: result: yes
configure:6301: checking if gcc supports -fno-rtti -fno-exceptions
configure:6319: gcc -c -g -O2  -fno-rtti -fno-exceptions conftest.c >&5
cc1: warning: command line option "-fno-rtti" is valid for C++/ObjC++ but not for C
configure:6323: $? = 0
configure:6334: result: no
configure:6349: checking for gcc option to produce PIC
configure:6526: result: -fno-common
configure:6534: checking if gcc PIC flag -fno-common works
configure:6552: gcc -c -g -O2  -fno-common -DPIC conftest.c >&5
configure:6556: $? = 0
configure:6567: result: yes
configure:6591: checking if gcc supports -c -o file.o
configure:6612: gcc -c -g -O2  -o out/conftest2.o conftest.c >&5
configure:6616: $? = 0
configure:6636: result: yes
configure:6662: checking whether the gcc linker (/usr/libexec/gcc/i686-apple-darwin10/4.2.1/ld) supports shared libraries
configure:7510: result: yes
configure:7581: checking dynamic linker characteristics
configure:8142: result: darwin10.0.0 dyld
configure:8146: checking how to hardcode library paths into programs
configure:8171: result: immediate
configure:8185: checking whether stripping libraries is possible
configure:8198: result: yes
configure:9020: checking if libtool supports shared libraries
configure:9022: result: yes
configure:9025: checking whether to build shared libraries
configure:9083: result: yes
configure:9086: checking whether to build static libraries
configure:9090: result: yes
configure:9182: creating libtool
configure:9729: checking for ld used by g++
configure:9796: result: /usr/libexec/gcc/i686-apple-darwin10/4.2.1/ld
configure:9805: checking if the linker (/usr/libexec/gcc/i686-apple-darwin10/4.2.1/ld) is GNU ld
configure:9820: result: no
configure:9871: checking whether the g++ linker (/usr/libexec/gcc/i686-apple-darwin10/4.2.1/ld) supports shared libraries
configure:10699: result: yes
configure:10717: g++ -c -g -O2  conftest.cc >&5
configure:10720: $? = 0
configure:10816: checking for g++ option to produce PIC
configure:11068: result: -fno-common
configure:11076: checking if g++ PIC flag -fno-common works
configure:11094: g++ -c -g -O2  -fno-common -DPIC conftest.cc >&5
configure:11098: $? = 0
configure:11109: result: yes
configure:11133: checking if g++ supports -c -o file.o
configure:11154: g++ -c -g -O2  -o out/conftest2.o conftest.cc >&5
configure:11158: $? = 0
configure:11178: result: yes
configure:11204: checking whether the g++ linker (/usr/libexec/gcc/i686-apple-darwin10/4.2.1/ld) supports shared libraries
configure:11229: result: yes
configure:11300: checking dynamic linker characteristics
configure:11861: result: darwin10.0.0 dyld
configure:11865: checking how to hardcode library paths into programs
configure:11890: result: immediate
configure:11904: checking whether stripping libraries is possible
configure:11917: result: yes
configure:19192: checking for what USB OS support
configure:19248: result: Darwin and/or MacOS 10
configure:19369: checking for gcc
configure:19395: result: gcc
configure:19639: checking for C compiler version
configure:19642: gcc --version </dev/null >&5
i686-apple-darwin10-gcc-4.2.1 (GCC) 4.2.1 (Apple Inc. build 5646)
Copyright (C) 2007 Free Software Foundation, Inc.
This is free software; see the source for copying conditions.  There is NO
warranty; not even for MERCHANTABILITY or FITNESS FOR A PARTICULAR PURPOSE.

configure:19645: $? = 0
configure:19647: gcc -v </dev/null >&5
Using built-in specs.
Target: i686-apple-darwin10
Configured with: /var/tmp/gcc/gcc-5646~6/src/configure --disable-checking --enable-werror --prefix=/usr --mandir=/share/man --enable-languages=c,objc,c++,obj-c++ --program-transform-name=/^[cg][^.-]*$/s/$/-4.2/ --with-slibdir=/usr/lib --build=i686-apple-darwin10 --with-gxx-include-dir=/include/c++/4.2.1 --program-prefix=i686-apple-darwin10- --host=x86_64-apple-darwin10 --target=i686-apple-darwin10
Thread model: posix
gcc version 4.2.1 (Apple Inc. build 5646)
configure:19650: $? = 0
configure:19652: gcc -V </dev/null >&5
gcc-4.2: argument to `-V' is missing
configure:19655: $? = 1
configure:19658: checking whether we are using the GNU C compiler
configure:19714: result: yes
configure:19720: checking whether gcc accepts -g
configure:19771: result: yes
configure:19788: checking for gcc option to accept ANSI C
configure:19895: result: none needed
configure:19913: gcc -c -g -O2 -g  conftest.c >&5
conftest.c:2: error: expected '=', ',', ';', 'asm' or '__attribute__' before 'me'
configure:19919: $? = 1
configure: failed program was:
| #ifndef __cplusplus
|   choke me
| #endif
configure:20054: checking dependency style of gcc
configure:20139: result: gcc3
configure:20157: checking whether gcc and cc understand -c and -o together
configure:20187: gcc -c conftest.cc -o conftest.o >&5
configure:20190: $? = 0
configure:20192: gcc -c conftest.cc -o conftest.o >&5
configure:20195: $? = 0
configure:20202: cc -c conftest.cc >&5
configure:20205: $? = 0
configure:20208: cc -c conftest.cc -o conftest.o >&5
configure:20211: $? = 0
configure:20213: cc -c conftest.cc -o conftest.o >&5
configure:20216: $? = 0
configure:20234: result: yes
configure:20272: checking for a BSD-compatible install
configure:20327: result: /usr/bin/install -c
configure:20348: checking for ANSI C header files
configure:20504: result: yes
configure:20520: checking for vprintf
configure:20577: g++ -o conftest -g -O2   conftest.cc  >&5
configure:20583: $? = 0
configure:20587: test -z 
			 || test ! -s conftest.err
configure:20590: $? = 0
configure:20593: test -s conftest
configure:20596: $? = 0
configure:20608: result: yes
configure:20615: checking for _doprnt
configure:20672: g++ -o conftest -g -O2   conftest.cc  >&5
Undefined symbols:
  "__doprnt", referenced from:
      _main in ccTRh0ra.o
      _f in ccTRh0ra.o
ld: symbol(s) not found
collect2: ld returned 1 exit status
configure:20678: $? = 1
configure: failed program was:
| /* confdefs.h.  */
| 
| #define PACKAGE_NAME "libusb"
| #define PACKAGE_TARNAME "libusb"
| #define PACKAGE_VERSION "0.1.10a"
| #define PACKAGE_STRING "libusb 0.1.10a"
| #define PACKAGE_BUGREPORT ""
| #define PACKAGE "libusb"
| #define VERSION "0.1.10a"
| #define LIBUSB_MAJOR_VERSION 0
| #define LIBUSB_MINOR_VERSION 1
| #define LIBUSB_MICRO_VERSION 10a
| #define LIBUSB_INTERFACE_AGE 2
| #define LIBUSB_BINARY_AGE 6
| #define STDC_HEADERS 1
| #define HAVE_SYS_TYPES_H 1
| #define HAVE_SYS_STAT_H 1
| #define HAVE_STDLIB_H 1
| #define HAVE_STRING_H 1
| #define HAVE_MEMORY_H 1
| #define HAVE_STRINGS_H 1
| #define HAVE_INTTYPES_H 1
| #define HAVE_STDINT_H 1
| #define HAVE_UNISTD_H 1
| #define HAVE_DLFCN_H 1
| #ifdef __cplusplus
| extern "C" void exit (int);
| #endif
| #define DARWIN_API 1
| #define LINUX_API 0
| #define BSD_API 0
| #define STDC_HEADERS 1
| #define HAVE_VPRINTF 1
| /* end confdefs.h.  */
| /* Define _doprnt to an innocuous variant, in case <limits.h> declares _doprnt.
|    For example, HP-UX 11i <limits.h> declares gettimeofday.  */
| #define _doprnt innocuous__doprnt
| 
| /* System header to define __stub macros and hopefully few prototypes,
|     which can conflict with char _doprnt (); below.
|     Prefer <limits.h> to <assert.h> if __STDC__ is defined, since
|     <limits.h> exists even on freestanding compilers.  */
| 
| #ifdef __STDC__
| # include <limits.h>
| #else
| # include <assert.h>
| #endif
| 
| #undef _doprnt
| 
| /* Override any gcc2 internal prototype to avoid an error.  */
| #ifdef __cplusplus
| extern "C"
| {
| #endif
| /* We use char because int might match the return type of a gcc2
|    builtin and then its argument prototype would still apply.  */
| char _doprnt ();
| /* The GNU C library defines this for functions which it implements
|     to always fail with ENOSYS.  Some functions are actually named
|     something starting with __ and the normal name is an alias.  */
| #if defined (__stub__doprnt) || defined (__stub____doprnt)
| choke me
| #else
| char (*f) () = _doprnt;
| #endif
| #ifdef __cplusplus
| }
| #endif
| 
| int
| main ()
| {
| return f != _doprnt;
|   ;
|   return 0;
| }
configure:20703: result: no
configure:20718: checking for an ANSI C-conforming const
configure:20785: g++ -c -g -O2  conftest.cc >&5
configure:20791: $? = 0
configure:20795: test -z 
			 || test ! -s conftest.err
configure:20798: $? = 0
configure:20801: test -s conftest.o
configure:20804: $? = 0
configure:20815: result: yes
configure:20826: checking whether byte ordering is bigendian
configure:20853: g++ -c -g -O2  conftest.cc >&5
configure:20859: $? = 0
configure:20863: test -z 
			 || test ! -s conftest.err
configure:20866: $? = 0
configure:20869: test -s conftest.o
configure:20872: $? = 0
configure:20896: g++ -c -g -O2  conftest.cc >&5
conftest.cc: In function 'int main()':
conftest.cc:42: error: 'big' was not declared in this scope
conftest.cc:42: error: expected `;' before 'endian'
configure:20902: $? = 1
configure: failed program was:
| /* confdefs.h.  */
| 
| #define PACKAGE_NAME "libusb"
| #define PACKAGE_TARNAME "libusb"
| #define PACKAGE_VERSION "0.1.10a"
| #define PACKAGE_STRING "libusb 0.1.10a"
| #define PACKAGE_BUGREPORT ""
| #define PACKAGE "libusb"
| #define VERSION "0.1.10a"
| #define LIBUSB_MAJOR_VERSION 0
| #define LIBUSB_MINOR_VERSION 1
| #define LIBUSB_MICRO_VERSION 10a
| #define LIBUSB_INTERFACE_AGE 2
| #define LIBUSB_BINARY_AGE 6
| #define STDC_HEADERS 1
| #define HAVE_SYS_TYPES_H 1
| #define HAVE_SYS_STAT_H 1
| #define HAVE_STDLIB_H 1
| #define HAVE_STRING_H 1
| #define HAVE_MEMORY_H 1
| #define HAVE_STRINGS_H 1
| #define HAVE_INTTYPES_H 1
| #define HAVE_STDINT_H 1
| #define HAVE_UNISTD_H 1
| #define HAVE_DLFCN_H 1
| #ifdef __cplusplus
| extern "C" void exit (int);
| #endif
| #define DARWIN_API 1
| #define LINUX_API 0
| #define BSD_API 0
| #define STDC_HEADERS 1
| #define HAVE_VPRINTF 1
| /* end confdefs.h.  */
| #include <sys/types.h>
| #include <sys/param.h>
| 
| int
| main ()
| {
| #if BYTE_ORDER != BIG_ENDIAN
|  not big endian
| #endif
| 
|   ;
|   return 0;
| }
configure:21037: result: no
configure:21078: checking limits.h usability
configure:21090: g++ -c -g -O2  conftest.cc >&5
configure:21096: $? = 0
configure:21100: test -z 
			 || test ! -s conftest.err
configure:21103: $? = 0
configure:21106: test -s conftest.o
configure:21109: $? = 0
configure:21119: result: yes
configure:21123: checking limits.h presence
configure:21133: g++ -E  conftest.cc
configure:21139: $? = 0
configure:21159: result: yes
configure:21194: checking for limits.h
configure:21201: result: yes
configure:21222: checking for unistd.h
configure:21227: result: yes
configure:21384: checking values.h usability
configure:21396: g++ -c -g -O2  conftest.cc >&5
conftest.cc:73:20: error: values.h: No such file or directory
configure:21402: $? = 1
configure: failed program was:
| /* confdefs.h.  */
| 
| #define PACKAGE_NAME "libusb"
| #define PACKAGE_TARNAME "libusb"
| #define PACKAGE_VERSION "0.1.10a"
| #define PACKAGE_STRING "libusb 0.1.10a"
| #define PACKAGE_BUGREPORT ""
| #define PACKAGE "libusb"
| #define VERSION "0.1.10a"
| #define LIBUSB_MAJOR_VERSION 0
| #define LIBUSB_MINOR_VERSION 1
| #define LIBUSB_MICRO_VERSION 10a
| #define LIBUSB_INTERFACE_AGE 2
| #define LIBUSB_BINARY_AGE 6
| #define STDC_HEADERS 1
| #define HAVE_SYS_TYPES_H 1
| #define HAVE_SYS_STAT_H 1
| #define HAVE_STDLIB_H 1
| #define HAVE_STRING_H 1
| #define HAVE_MEMORY_H 1
| #define HAVE_STRINGS_H 1
| #define HAVE_INTTYPES_H 1
| #define HAVE_STDINT_H 1
| #define HAVE_UNISTD_H 1
| #define HAVE_DLFCN_H 1
| #ifdef __cplusplus
| extern "C" void exit (int);
| #endif
| #define DARWIN_API 1
| #define LINUX_API 0
| #define BSD_API 0
| #define STDC_HEADERS 1
| #define HAVE_VPRINTF 1
| #define HAVE_LIMITS_H 1
| #define HAVE_LIMITS_H 1
| #define HAVE_UNISTD_H 1
| #define HAVE_UNISTD_H 1
| /* end confdefs.h.  */
| #include <stdio.h>
| #if HAVE_SYS_TYPES_H
| # include <sys/types.h>
| #endif
| #if HAVE_SYS_STAT_H
| # include <sys/stat.h>
| #endif
| #if STDC_HEADERS
| # include <stdlib.h>
| # include <stddef.h>
| #else
| # if HAVE_STDLIB_H
| #  include <stdlib.h>
| # endif
| #endif
| #if HAVE_STRING_H
| # if !STDC_HEADERS && HAVE_MEMORY_H
| #  include <memory.h>
| # endif
| # include <string.h>
| #endif
| #if HAVE_STRINGS_H
| # include <strings.h>
| #endif
| #if HAVE_INTTYPES_H
| # include <inttypes.h>
| #else
| # if HAVE_STDINT_H
| #  include <stdint.h>
| # endif
| #endif
| #if HAVE_UNISTD_H
| # include <unistd.h>
| #endif
| #include <values.h>
configure:21425: result: no
configure:21429: checking values.h presence
configure:21439: g++ -E  conftest.cc
conftest.cc:39:20: error: values.h: No such file or directory
configure:21445: $? = 1
configure: failed program was:
| /* confdefs.h.  */
| 
| #define PACKAGE_NAME "libusb"
| #define PACKAGE_TARNAME "libusb"
| #define PACKAGE_VERSION "0.1.10a"
| #define PACKAGE_STRING "libusb 0.1.10a"
| #define PACKAGE_BUGREPORT ""
| #define PACKAGE "libusb"
| #define VERSION "0.1.10a"
| #define LIBUSB_MAJOR_VERSION 0
| #define LIBUSB_MINOR_VERSION 1
| #define LIBUSB_MICRO_VERSION 10a
| #define LIBUSB_INTERFACE_AGE 2
| #define LIBUSB_BINARY_AGE 6
| #define STDC_HEADERS 1
| #define HAVE_SYS_TYPES_H 1
| #define HAVE_SYS_STAT_H 1
| #define HAVE_STDLIB_H 1
| #define HAVE_STRING_H 1
| #define HAVE_MEMORY_H 1
| #define HAVE_STRINGS_H 1
| #define HAVE_INTTYPES_H 1
| #define HAVE_STDINT_H 1
| #define HAVE_UNISTD_H 1
| #define HAVE_DLFCN_H 1
| #ifdef __cplusplus
| extern "C" void exit (int);
| #endif
| #define DARWIN_API 1
| #define LINUX_API 0
| #define BSD_API 0
| #define STDC_HEADERS 1
| #define HAVE_VPRINTF 1
| #define HAVE_LIMITS_H 1
| #define HAVE_LIMITS_H 1
| #define HAVE_UNISTD_H 1
| #define HAVE_UNISTD_H 1
| /* end confdefs.h.  */
| #include <values.h>
configure:21465: result: no
configure:21500: checking for values.h
configure:21507: result: no
configure:21529: checking for memmove
configure:21586: g++ -o conftest -g -O2   conftest.cc  >&5
configure:21592: $? = 0
configure:21596: test -z 
			 || test ! -s conftest.err
configure:21599: $? = 0
configure:21602: test -s conftest
configure:21605: $? = 0
configure:21617: result: yes
configure:21689: checking if we should build the documentation
configure:21698: result: auto
configure:21704: checking for jade
configure:21733: result: no
configure:21740: checking for openjade
configure:21769: result: no
configure:21777: checking for Doxygen tools
configure:21781: checking for dot
configure:21828: result: not found
configure:21846: checking for doxygen
configure:21893: result: not found
configure:21920: WARNING: Documentation build components not installed. sgml docs will not be built
configure:22091: creating ./config.status

## ---------------------- ##
## Running config.status. ##
## ---------------------- ##

This file was extended by libusb config.status 0.1.10a, which was
generated by GNU Autoconf 2.59.  Invocation command line was

  CONFIG_FILES    = 
  CONFIG_HEADERS  = 
  CONFIG_LINKS    = 
  CONFIG_COMMANDS = 
  $ ./config.status 

on milk.lan

config.status:750: creating Makefile
config.status:750: creating doc/Makefile
config.status:750: creating libusb.spec
config.status:750: creating libusb-config
config.status:750: creating tests/Makefile
config.status:750: creating README
config.status:750: creating INSTALL.libusb
config.status:750: creating usb.h
config.status:854: creating config.h
config.status:988: config.h is unchanged
config.status:1168: executing depfiles commands
config.status:1168: executing default commands

## ---------------- ##
## Cache variables. ##
## ---------------- ##

ac_cv_build=i686-apple-darwin10.0.0
ac_cv_build_alias=i686-apple-darwin10.0.0
ac_cv_c_bigendian=no
ac_cv_c_compiler_gnu=yes
ac_cv_c_const=yes
ac_cv_cxx_compiler_gnu=yes
ac_cv_env_CC_set=
ac_cv_env_CC_value=
ac_cv_env_CFLAGS_set=
ac_cv_env_CFLAGS_value=
ac_cv_env_CPPFLAGS_set=
ac_cv_env_CPPFLAGS_value=
ac_cv_env_CPP_set=
ac_cv_env_CPP_value=
ac_cv_env_CXXCPP_set=
ac_cv_env_CXXCPP_value=
ac_cv_env_CXXFLAGS_set=
ac_cv_env_CXXFLAGS_value=
ac_cv_env_CXX_set=
ac_cv_env_CXX_value=
ac_cv_env_F77_set=
ac_cv_env_F77_value=
ac_cv_env_FFLAGS_set=
ac_cv_env_FFLAGS_value=
ac_cv_env_LDFLAGS_set=
ac_cv_env_LDFLAGS_value=
ac_cv_env_build_alias_set=
ac_cv_env_build_alias_value=
ac_cv_env_host_alias_set=
ac_cv_env_host_alias_value=
ac_cv_env_target_alias_set=
ac_cv_env_target_alias_value=
ac_cv_exeext=
ac_cv_f77_compiler_gnu=no
ac_cv_func__doprnt=no
ac_cv_func_memmove=yes
ac_cv_func_vprintf=yes
ac_cv_header_dlfcn_h=yes
ac_cv_header_inttypes_h=yes
ac_cv_header_limits_h=yes
ac_cv_header_memory_h=yes
ac_cv_header_stdc=yes
ac_cv_header_stdint_h=yes
ac_cv_header_stdlib_h=yes
ac_cv_header_string_h=yes
ac_cv_header_strings_h=yes
ac_cv_header_sys_stat_h=yes
ac_cv_header_sys_types_h=yes
ac_cv_header_unistd_h=yes
ac_cv_header_values_h=no
ac_cv_host=i686-apple-darwin10.0.0
ac_cv_host_alias=i686-apple-darwin10.0.0
ac_cv_objext=o
ac_cv_path_install='/usr/bin/install -c'
ac_cv_prog_AWK=gawk
ac_cv_prog_CPP='gcc -E'
ac_cv_prog_CXXCPP='g++ -E'
ac_cv_prog_ac_ct_AR=ar
ac_cv_prog_ac_ct_CC=gcc
ac_cv_prog_ac_ct_CXX=g++
ac_cv_prog_ac_ct_RANLIB=ranlib
ac_cv_prog_ac_ct_STRIP=strip
ac_cv_prog_cc_g=yes
ac_cv_prog_cc_gcc_c_o=yes
ac_cv_prog_cc_stdc=
ac_cv_prog_cxx_g=yes
ac_cv_prog_egrep='grep -E'
ac_cv_prog_f77_g=no
ac_cv_prog_make_make_set=yes
am_cv_CC_dependencies_compiler_type=gcc3
am_cv_CXX_dependencies_compiler_type=gcc3
libusb_cv_path=NONE
libusb_cv_path_dot=NONE
libusb_cv_path_doxygen=NONE
lt_cv_deplibs_check_method=pass_all
lt_cv_file_magic_cmd='$MAGIC_CMD'
lt_cv_file_magic_test_file=
lt_cv_ld_reload_flag=-r
lt_cv_objdir=.libs
lt_cv_path_LD=/usr/libexec/gcc/i686-apple-darwin10/4.2.1/ld
lt_cv_path_LDCXX=/usr/libexec/gcc/i686-apple-darwin10/4.2.1/ld
lt_cv_path_NM=/usr/bin/nm
lt_cv_path_SED=/opt/local/bin/gsed
lt_cv_prog_compiler_c_o=yes
lt_cv_prog_compiler_c_o_CXX=yes
lt_cv_prog_compiler_rtti_exceptions=no
lt_cv_prog_gnu_ld=no
lt_cv_prog_gnu_ldcxx=no
lt_cv_sys_global_symbol_pipe='sed -n -e '\''s/^.*[ 	]\([BCDEGRST][BCDEGRST]*\)[ 	][ 	]*\(_\)\([_A-Za-z][_A-Za-z0-9]*\)$/\1 \2\3 \3/p'\'''
lt_cv_sys_global_symbol_to_c_name_address='sed -n -e '\''s/^: \([^ ]*\) $/  {\"\1\", (lt_ptr) 0},/p'\'' -e '\''s/^[BCDEGRST] \([^ ]*\) \([^ ]*\)$/  {"\2", (lt_ptr) \&\2},/p'\'''
lt_cv_sys_global_symbol_to_cdecl='sed -n -e '\''s/^. .* \(.*\)$/extern int \1;/p'\'''
lt_cv_sys_max_cmd_len=65536
lt_lt_cv_prog_compiler_c_o='"yes"'
lt_lt_cv_prog_compiler_c_o_CXX='"yes"'
lt_lt_cv_sys_global_symbol_pipe='"sed -n -e '\''s/^.*[ 	]\\([BCDEGRST][BCDEGRST]*\\)[ 	][ 	]*\\(_\\)\\([_A-Za-z][_A-Za-z0-9]*\\)\$/\\1 \\2\\3 \\3/p'\''"'
lt_lt_cv_sys_global_symbol_to_c_name_address='"sed -n -e '\''s/^: \\([^ ]*\\) \$/  {\\\"\\1\\\", (lt_ptr) 0},/p'\'' -e '\''s/^[BCDEGRST] \\([^ ]*\\) \\([^ ]*\\)\$/  {\"\\2\", (lt_ptr) \\&\\2},/p'\''"'
lt_lt_cv_sys_global_symbol_to_cdecl='"sed -n -e '\''s/^. .* \\(.*\\)\$/extern int \\1;/p'\''"'

## ----------------- ##
## Output variables. ##
## ----------------- ##

ACLOCAL='${SHELL} /Users/sixones/Downloads/xnjb-1.5.7/libusb/missing --run aclocal-1.8'
AMDEPBACKSLASH='\'
AMDEP_FALSE='#'
AMDEP_TRUE=''
AMTAR='${SHELL} /Users/sixones/Downloads/xnjb-1.5.7/libusb/missing --run tar'
AR='ar'
AUTOCONF='${SHELL} /Users/sixones/Downloads/xnjb-1.5.7/libusb/missing --run autoconf'
AUTOHEADER='${SHELL} /Users/sixones/Downloads/xnjb-1.5.7/libusb/missing --run autoheader'
AUTOMAKE='${SHELL} /Users/sixones/Downloads/xnjb-1.5.7/libusb/missing --run automake-1.8'
AWK='gawk'
BIGENDIAN='0'
BSD_API='0'
BSD_API_FALSE=''
BSD_API_TRUE='#'
BUILD_DOCS_FALSE=''
BUILD_DOCS_TRUE='#'
CC='gcc'
CCDEPMODE='depmode=gcc3'
CFLAGS='-g -O2 -g -Wall'
CPP='gcc -E'
CPPFLAGS=''
CXX='g++'
CXXCPP='g++ -E'
CXXDEPMODE='depmode=gcc3'
CXXFLAGS='-g -O2'
CYGPATH_W='echo'
DARWIN_API='1'
DARWIN_API_FALSE='#'
DARWIN_API_TRUE=''
DEFS='-DHAVE_CONFIG_H'
DEPDIR='.deps'
DOXYGEN=''
DOXYGEN_PROJECT_NAME='LIBUSB C++ API Reference'
DOXYGEN_PROJECT_NUMBER='Version 0.1.10a'
ECHO='/bin/echo'
ECHO_C='ECHO_N=''
ECHO_T=''
EGREP='grep -E'
EXEEXT=''
F77=''
FFLAGS=''
INSTALL_DATA='${INSTALL} -m 644'
INSTALL_PROGRAM='${INSTALL}'
INSTALL_SCRIPT='${INSTALL}'
INSTALL_STRIP_PROGRAM='${SHELL} $(install_sh) -c -s'
JADE=''
LDFLAGS=''
LIBOBJS=''
LIBS=''
LIBTOOL='$(SHELL) $(top_builddir)/libtool'
LIBUSB_BINARY_AGE='6'
LIBUSB_HAS_DOXYGEN='no'
LIBUSB_HAVE_DOT='NO'
LIBUSB_INTERFACE_AGE='2'
LIBUSB_MAJOR_VERSION='0'
LIBUSB_MICRO_VERSION='10a'
LIBUSB_MINOR_VERSION='1'
LIBUSB_VERSION='0.1.10a'
LINUX_API='0'
LINUX_API_FALSE=''
LINUX_API_TRUE='#'
LN_S='ln -s'
LTLIBOBJS=''
LT_AGE='4'
LT_CURRENT='8'
LT_RELEASE='0.1'
LT_REVISION='2'
MAKEINFO='${SHELL} /Users/sixones/Downloads/xnjb-1.5.7/libusb/missing --run makeinfo'
OBJEXT='o'
OSLIBS='-Wl,-framework -Wl,IOKit -Wl,-framework -Wl,CoreFoundation'
PACKAGE='libusb'
PACKAGE_BUGREPORT=''
PACKAGE_NAME='libusb'
PACKAGE_STRING='libusb 0.1.10a'
PACKAGE_TARNAME='libusb'
PACKAGE_VERSION='0.1.10a'
PATH_SEPARATOR=':'
RANLIB='ranlib'
SET_MAKE=''
SHELL='/bin/sh'
STRIP='strip'
VERSION='0.1.10a'
ac_ct_AR='ar'
ac_ct_CC='gcc'
ac_ct_CXX='g++'
ac_ct_F77=''
ac_ct_RANLIB='ranlib'
ac_ct_STRIP='strip'
am__fastdepCC_FALSE='#'
am__fastdepCC_TRUE=''
am__fastdepCXX_FALSE='#'
am__fastdepCXX_TRUE=''
am__include='include'
am__leading_dot='.'
am__quote=''
bindir='${exec_prefix}/bin'
build='i686-apple-darwin10.0.0'
build_alias=''
build_cpu='i686'
build_os='darwin10.0.0'
build_vendor='apple'
datadir='${prefix}/share'
exec_prefix='${prefix}'
host='i686-apple-darwin10.0.0'
host_alias=''
host_cpu='i686'
host_os='darwin10.0.0'
host_vendor='apple'
includedir='${prefix}/include'
infodir='${prefix}/info'
install_sh='/Users/sixones/Downloads/xnjb-1.5.7/libusb/install-sh'
libdir='${exec_prefix}/lib'
libexecdir='${exec_prefix}/libexec'
localstatedir='${prefix}/var'
mandir='${prefix}/man'
mkdir_p='$(install_sh) -d'
oldincludedir='/usr/include'
prefix='/usr/local'
program_transform_name='s,x,x,'
sbindir='${exec_prefix}/sbin'
sharedstatedir='${prefix}/com'
sysconfdir='${prefix}/etc'
target_alias=''

## ----------- ##
## confdefs.h. ##
## ----------- ##

#define BSD_API 0
#define DARWIN_API 1
#define HAVE_DLFCN_H 1
#define HAVE_INTTYPES_H 1
#define HAVE_LIMITS_H 1
#define HAVE_LIMITS_H 1
#define HAVE_MEMMOVE 1
#define HAVE_MEMORY_H 1
#define HAVE_STDINT_H 1
#define HAVE_STDLIB_H 1
#define HAVE_STRINGS_H 1
#define HAVE_STRING_H 1
#define HAVE_SYS_STAT_H 1
#define HAVE_SYS_TYPES_H 1
#define HAVE_UNISTD_H 1
#define HAVE_UNISTD_H 1
#define HAVE_UNISTD_H 1
#define HAVE_VPRINTF 1
#define LIBUSB_BINARY_AGE 6
#define LIBUSB_INTERFACE_AGE 2
#define LIBUSB_MAJOR_VERSION 0
#define LIBUSB_MICRO_VERSION 10a
#define LIBUSB_MINOR_VERSION 1
#define LINUX_API 0
#define PACKAGE "libusb"
#define PACKAGE_BUGREPORT ""
#define PACKAGE_NAME "libusb"
#define PACKAGE_STRING "libusb 0.1.10a"
#define PACKAGE_TARNAME "libusb"
#define PACKAGE_VERSION "0.1.10a"
#define STDC_HEADERS 1
#define STDC_HEADERS 1
#define VERSION "0.1.10a"
#endif
#ifdef __cplusplus
extern "C" void exit (int);

configure: exit 0
